15:12:33: Creating resource group General
15:12:33: Creating resource group Internal
15:12:33: Creating resource group Autodetect
15:12:33: SceneManagerFactory for type 'DefaultSceneManager' registered.
15:12:33: Registering ResourceManager for type Material
15:12:33: Registering ResourceManager for type Mesh
15:12:33: Registering ResourceManager for type Skeleton
15:12:33: MovableObjectFactory for type 'ParticleSystem' registered.
15:12:33: OverlayElementFactory for type Panel registered.
15:12:33: OverlayElementFactory for type BorderPanel registered.
15:12:33: OverlayElementFactory for type TextArea registered.
15:12:33: Registering ResourceManager for type Font
15:12:33: ArchiveFactory for archive type FileSystem registered.
15:12:33: ArchiveFactory for archive type Zip registered.
15:12:33: DDS codec registering
15:12:33: FreeImage version: 3.15.1
15:12:33: This program uses FreeImage, a free, open source image library supporting all common bitmap formats. See http://freeimage.sourceforge.net for details
15:12:33: Supported formats: bmp,ico,jpg,jif,jpeg,jpe,jng,koa,iff,lbm,mng,pbm,pbm,pcd,pcx,pgm,pgm,png,ppm,ppm,ras,tga,targa,tif,tiff,wap,wbmp,wbm,psd,cut,xbm,xpm,gif,hdr,g3,sgi,exr,j2k,j2c,jp2,pfm,pct,pict,pic,3fr,arw,bay,bmq,cap,cine,cr2,crw,cs1,dc2,dcr,drf,dsc,dng,erf,fff,ia,iiq,k25,kc2,kdc,mdc,mef,mos,mrw,nef,nrw,orf,pef,ptx,pxn,qtk,raf,raw,rdc,rw2,rwl,rwz,sr2,srf,sti
15:12:33: Registering ResourceManager for type HighLevelGpuProgram
15:12:33: Registering ResourceManager for type Compositor
15:12:33: MovableObjectFactory for type 'Entity' registered.
15:12:33: MovableObjectFactory for type 'Light' registered.
15:12:33: MovableObjectFactory for type 'BillboardSet' registered.
15:12:33: MovableObjectFactory for type 'ManualObject' registered.
15:12:33: MovableObjectFactory for type 'BillboardChain' registered.
15:12:33: MovableObjectFactory for type 'RibbonTrail' registered.
15:12:33: Loading library /usr/lib/OGRE/RenderSystem_GL
15:12:33: Installing plugin: GL RenderSystem
15:12:33: OpenGL Rendering Subsystem created.
15:12:33: Plugin successfully installed
15:12:33: Loading library /usr/lib/OGRE/Plugin_ParticleFX
15:12:33: Installing plugin: ParticleFX
15:12:33: Particle Emitter Type 'Point' registered
15:12:33: Particle Emitter Type 'Box' registered
15:12:33: Particle Emitter Type 'Ellipsoid' registered
15:12:33: Particle Emitter Type 'Cylinder' registered
15:12:33: Particle Emitter Type 'Ring' registered
15:12:33: Particle Emitter Type 'HollowEllipsoid' registered
15:12:33: Particle Affector Type 'LinearForce' registered
15:12:33: Particle Affector Type 'ColourFader' registered
15:12:33: Particle Affector Type 'ColourFader2' registered
15:12:33: Particle Affector Type 'ColourImage' registered
15:12:33: Particle Affector Type 'ColourInterpolator' registered
15:12:33: Particle Affector Type 'Scaler' registered
15:12:33: Particle Affector Type 'Rotator' registered
15:12:33: Particle Affector Type 'DirectionRandomiser' registered
15:12:33: Particle Affector Type 'DeflectorPlane' registered
15:12:33: Plugin successfully installed
15:12:33: Loading library /usr/lib/OGRE/Plugin_BSPSceneManager
15:12:34: Installing plugin: BSP Scene Manager
15:12:34: Plugin successfully installed
15:12:34: Loading library /usr/lib/OGRE/Plugin_OctreeSceneManager
15:12:34: Installing plugin: Octree & Terrain Scene Manager
15:12:34: Plugin successfully installed
15:12:34: Loading library /usr/lib/OGRE/Plugin_CgProgramManager
15:12:34: Installing plugin: Cg Program Manager
15:12:34: Plugin successfully installed
15:12:34: *-*-* OGRE Initialising
15:12:34: *-*-* Version 1.7.2 (Cthugha)
15:12:34: Creating resource group Bootstrap
15:12:34: Added resource location '../media/packs/OgreCore.zip' of type 'Zip' to resource group 'Bootstrap'
15:12:34: Added resource location '../media' of type 'FileSystem' to resource group 'General'
15:12:34: Added resource location '../media/fonts' of type 'FileSystem' to resource group 'General'
15:12:34: Added resource location '../media/sounds' of type 'FileSystem' to resource group 'General'
15:12:34: Added resource location '../media/Audio' of type 'FileSystem' to resource group 'General'
15:12:34: Added resource location '../media/materials/programs' of type 'FileSystem' to resource group 'General'
15:12:34: Added resource location '../media/materials/scripts' of type 'FileSystem' to resource group 'General'
15:12:34: Added resource location '../media/materials/textures' of type 'FileSystem' to resource group 'General'
15:12:34: Added resource location '../media/models' of type 'FileSystem' to resource group 'General'
15:12:34: Added resource location '../media/overlays' of type 'FileSystem' to resource group 'General'
15:12:34: Added resource location '../media/particle' of type 'FileSystem' to resource group 'General'
15:12:34: Added resource location '../media/gui' of type 'FileSystem' to resource group 'General'
15:12:34: Added resource location '/addons' of type 'FileSystem' to resource group 'General'
15:12:34: Added resource location '../media/packs/cubemap.zip' of type 'Zip' to resource group 'General'
15:12:34: Added resource location '../media/packs/cubemapsJS.zip' of type 'Zip' to resource group 'General'
15:12:34: Added resource location '../media/packs/dragon.zip' of type 'Zip' to resource group 'General'
15:12:34: Added resource location '../media/packs/fresneldemo.zip' of type 'Zip' to resource group 'General'
15:12:34: Added resource location '../media/packs/ogretestmap.zip' of type 'Zip' to resource group 'General'
15:12:34: Added resource location '../media/packs/skybox.zip' of type 'Zip' to resource group 'General'
15:12:37: CPU Identifier & Features
15:12:37: -------------------------
15:12:37:  *   CPU ID: GenuineIntel: Intel(R) Core(TM) i7-2600 CPU @ 3.40GHz
15:12:37:  *      SSE: yes
15:12:37:  *     SSE2: yes
15:12:37:  *     SSE3: yes
15:12:37:  *      MMX: yes
15:12:37:  *   MMXEXT: yes
15:12:37:  *    3DNOW: no
15:12:37:  * 3DNOWEXT: no
15:12:37:  *     CMOV: yes
15:12:37:  *      TSC: yes
15:12:37:  *      FPU: yes
15:12:37:  *      PRO: yes
15:12:37:  *       HT: no
15:12:37: -------------------------
15:12:37: ******************************
*** Starting GLX Subsystem ***
******************************
15:12:37: GLRenderSystem::_createRenderWindow "Its always been Wankershim Games Engine", 1680x1050 fullscreen  miscParams: FSAA=0 displayFrequency=60 MHz gamma=No vsync=No 
15:12:37: GLXWindow::create used FBConfigID = 109
15:12:37: GL_VERSION = 3.0 Mesa 9.1.7
15:12:37: GL_VENDOR = Intel Open Source Technology Center
15:12:37: GL_RENDERER = Mesa DRI Intel(R) Sandybridge Desktop 
15:12:37: GL_EXTENSIONS = GL_ARB_multisample GL_EXT_abgr GL_EXT_bgra GL_EXT_blend_color GL_EXT_blend_minmax GL_EXT_blend_subtract GL_EXT_copy_texture GL_EXT_polygon_offset GL_EXT_subtexture GL_EXT_texture_object GL_EXT_vertex_array GL_EXT_compiled_vertex_array GL_EXT_texture GL_EXT_texture3D GL_IBM_rasterpos_clip GL_ARB_point_parameters GL_EXT_draw_range_elements GL_EXT_packed_pixels GL_EXT_point_parameters GL_EXT_rescale_normal GL_EXT_separate_specular_color GL_EXT_texture_edge_clamp GL_SGIS_generate_mipmap GL_SGIS_texture_border_clamp GL_SGIS_texture_edge_clamp GL_SGIS_texture_lod GL_ARB_framebuffer_sRGB GL_ARB_multitexture GL_EXT_framebuffer_sRGB GL_IBM_multimode_draw_arrays GL_IBM_texture_mirrored_repeat GL_3DFX_texture_compression_FXT1 GL_ARB_texture_cube_map GL_ARB_texture_env_add GL_ARB_transpose_matrix GL_EXT_blend_func_separate GL_EXT_fog_coord GL_EXT_multi_draw_arrays GL_EXT_secondary_color GL_EXT_texture_env_add GL_EXT_texture_filter_anisotropic GL_EXT_texture_lod_bias GL_INGR_blend_func_separate GL_NV_blend_square GL_NV_light_max_exponent GL_NV_texgen_reflection GL_NV_texture_env_combine4 GL_S3_s3tc GL_SUN_multi_draw_arrays GL_ARB_texture_border_clamp GL_ARB_texture_compression GL_EXT_framebuffer_object GL_EXT_texture_compression_s3tc GL_EXT_texture_env_combine GL_EXT_texture_env_dot3 GL_MESA_window_pos GL_NV_packed_depth_stencil GL_NV_texture_rectangle GL_ARB_depth_texture GL_ARB_occlusion_query GL_ARB_shadow GL_ARB_texture_env_combine GL_ARB_texture_env_crossbar GL_ARB_texture_env_dot3 GL_ARB_texture_mirrored_repeat GL_ARB_window_pos GL_ATI_envmap_bumpmap GL_EXT_stencil_two_side GL_EXT_texture_cube_map GL_NV_depth_clamp GL_APPLE_packed_pixels GL_APPLE_vertex_array_object GL_ARB_draw_buffers GL_ARB_fragment_program GL_ARB_fragment_shader GL_ARB_shader_objects GL_ARB_vertex_program GL_ARB_vertex_shader GL_ATI_draw_buffers GL_ATI_texture_env_combine3 GL_ATI_texture_float GL_EXT_shadow_funcs GL_EXT_stencil_wrap GL_MESA_pack_invert GL_MESA_ycbcr_texture GL_NV_primitive_restart GL_ARB_depth_clamp GL_ARB_fragment_program_shadow GL_ARB_half_float_pixel GL_ARB_occlusion_query2 GL_ARB_point_sprite GL_ARB_shading_language_100 GL_ARB_sync GL_ARB_texture_non_power_of_two GL_ARB_vertex_buffer_object GL_ATI_blend_equation_separate GL_EXT_blend_equation_separate GL_OES_read_format GL_ARB_color_buffer_float GL_ARB_pixel_buffer_object GL_ARB_texture_compression_rgtc GL_ARB_texture_float GL_ARB_texture_rectangle GL_EXT_packed_float GL_EXT_pixel_buffer_object GL_EXT_texture_compression_dxt1 GL_EXT_texture_compression_rgtc GL_EXT_texture_rectangle GL_EXT_texture_sRGB GL_EXT_texture_shared_exponent GL_ARB_framebuffer_object GL_EXT_framebuffer_blit GL_EXT_framebuffer_multisample GL_EXT_packed_depth_stencil GL_APPLE_object_purgeable GL_ARB_vertex_array_object GL_ATI_separate_stencil GL_EXT_draw_buffers2 GL_EXT_draw_instanced GL_EXT_gpu_program_parameters GL_EXT_texture_array GL_EXT_texture_integer GL_EXT_texture_sRGB_decode GL_EXT_timer_query GL_OES_EGL_image GL_MESA_texture_array GL_ARB_copy_buffer GL_ARB_depth_buffer_float GL_ARB_draw_instanced GL_ARB_half_float_vertex GL_ARB_instanced_arrays GL_ARB_map_buffer_range GL_ARB_texture_rg GL_ARB_texture_swizzle GL_ARB_vertex_array_bgra GL_EXT_separate_shader_objects GL_EXT_texture_swizzle GL_EXT_vertex_array_bgra GL_NV_conditional_render GL_AMD_draw_buffers_blend GL_ARB_ES2_compatibility GL_ARB_blend_func_extended GL_ARB_debug_output GL_ARB_draw_buffers_blend GL_ARB_draw_elements_base_vertex GL_ARB_explicit_attrib_location GL_ARB_fragment_coord_conventions GL_ARB_provoking_vertex GL_ARB_sampler_objects GL_ARB_seamless_cube_map GL_ARB_shader_texture_lod GL_ARB_texture_cube_map_array GL_ARB_texture_rgb10_a2ui GL_ARB_uniform_buffer_object GL_ARB_vertex_type_2_10_10_10_rev GL_EXT_provoking_vertex GL_EXT_texture_snorm GL_MESA_texture_signed_rgba GL_ARB_get_program_binary GL_ARB_robustness GL_ARB_shader_bit_encoding GL_ARB_timer_query GL_ANGLE_texture_compression_dxt3 GL_ANGLE_texture_compression_dxt5 GL_ARB_internalformat_query GL_ARB_shading_language_packing GL_ARB_texture_storage GL_EXT_transform_feedback GL_ARB_ES3_compatibility GL_ARB_invalidate_subdata 
15:12:37: Supported GLX extensions: GLX_ARB_create_context GLX_ARB_create_context_profile GLX_ARB_get_proc_address GLX_ARB_multisample GLX_EXT_import_context GLX_EXT_visual_info GLX_EXT_visual_rating GLX_EXT_create_context_es2_profile GLX_MESA_copy_sub_buffer GLX_MESA_multithread_makecurrent GLX_MESA_swap_control GLX_OML_swap_method GLX_OML_sync_control GLX_SGI_make_current_read GLX_SGI_swap_control GLX_SGI_video_sync GLX_SGIS_multisample GLX_SGIX_fbconfig GLX_SGIX_pbuffer GLX_SGIX_visual_select_group GLX_EXT_texture_from_pixmap GLX_INTEL_swap_event 
15:12:37: ***************************
15:12:37: *** GL Renderer Started ***
15:12:37: ***************************
15:12:37: Registering ResourceManager for type GpuProgram
15:12:37: GLSL support detected
15:12:37: GL: Using GL_EXT_framebuffer_object for rendering to textures (best)
15:12:37: FBO PF_UNKNOWN depth/stencil support: D0S1 D0S4 D0S8 D0S16 D16S0 D16S1 D16S4 D16S8 D16S16 D24S0 D24S1 D24S4 D24S8 D24S16 D32S0 D32S1 D32S4 D32S8 D32S16 Packed-D24S8 
15:12:37: FBO PF_A8 depth/stencil support: D0S0 D0S1 D0S4 D0S8 D0S16 D16S0 D16S1 D16S4 D16S8 D16S16 D24S0 D24S1 D24S4 D24S8 D24S16 D32S0 D32S1 D32S4 D32S8 D32S16 Packed-D24S8 
15:12:37: FBO PF_R5G6B5 depth/stencil support: D0S0 D0S1 D0S4 D0S8 D0S16 D16S0 D16S1 D16S4 D16S8 D16S16 D24S0 D24S1 D24S4 D24S8 D24S16 D32S0 D32S1 D32S4 D32S8 D32S16 Packed-D24S8 
15:12:37: FBO PF_B5G6R5 depth/stencil support: D0S0 D0S1 D0S4 D0S8 D0S16 D16S0 D16S1 D16S4 D16S8 D16S16 D24S0 D24S1 D24S4 D24S8 D24S16 D32S0 D32S1 D32S4 D32S8 D32S16 Packed-D24S8 
15:12:37: FBO PF_A4R4G4B4 depth/stencil support: D0S0 D0S1 D0S4 D0S8 D0S16 D16S0 D16S1 D16S4 D16S8 D16S16 D24S0 D24S1 D24S4 D24S8 D24S16 D32S0 D32S1 D32S4 D32S8 D32S16 Packed-D24S8 
15:12:37: FBO PF_A1R5G5B5 depth/stencil support: D0S0 D0S1 D0S4 D0S8 D0S16 D16S0 D16S1 D16S4 D16S8 D16S16 D24S0 D24S1 D24S4 D24S8 D24S16 D32S0 D32S1 D32S4 D32S8 D32S16 Packed-D24S8 
15:12:37: FBO PF_R8G8B8 depth/stencil support: D0S0 D0S1 D0S4 D0S8 D0S16 D16S0 D16S1 D16S4 D16S8 D16S16 D24S0 D24S1 D24S4 D24S8 D24S16 D32S0 D32S1 D32S4 D32S8 D32S16 Packed-D24S8 
15:12:37: FBO PF_B8G8R8 depth/stencil support: D0S0 D0S1 D0S4 D0S8 D0S16 D16S0 D16S1 D16S4 D16S8 D16S16 D24S0 D24S1 D24S4 D24S8 D24S16 D32S0 D32S1 D32S4 D32S8 D32S16 Packed-D24S8 
15:12:37: FBO PF_A8R8G8B8 depth/stencil support: D0S0 D0S1 D0S4 D0S8 D0S16 D16S0 D16S1 D16S4 D16S8 D16S16 D24S0 D24S1 D24S4 D24S8 D24S16 D32S0 D32S1 D32S4 D32S8 D32S16 Packed-D24S8 
15:12:37: FBO PF_B8G8R8A8 depth/stencil support: D0S0 D0S1 D0S4 D0S8 D0S16 D16S0 D16S1 D16S4 D16S8 D16S16 D24S0 D24S1 D24S4 D24S8 D24S16 D32S0 D32S1 D32S4 D32S8 D32S16 Packed-D24S8 
15:12:37: FBO PF_A2R10G10B10 depth/stencil support: D0S0 D0S1 D0S4 D0S8 D0S16 D16S0 D16S1 D16S4 D16S8 D16S16 D24S0 D24S1 D24S4 D24S8 D24S16 D32S0 D32S1 D32S4 D32S8 D32S16 Packed-D24S8 
15:12:37: FBO PF_A2B10G10R10 depth/stencil support: D0S0 D0S1 D0S4 D0S8 D0S16 D16S0 D16S1 D16S4 D16S8 D16S16 D24S0 D24S1 D24S4 D24S8 D24S16 D32S0 D32S1 D32S4 D32S8 D32S16 Packed-D24S8 
15:12:37: FBO PF_FLOAT16_RGB depth/stencil support: D0S0 D0S1 D0S4 D0S8 D0S16 D16S0 D16S1 D16S4 D16S8 D16S16 D24S0 D24S1 D24S4 D24S8 D24S16 D32S0 D32S1 D32S4 D32S8 D32S16 Packed-D24S8 
15:12:37: FBO PF_FLOAT16_RGBA depth/stencil support: D0S0 D0S1 D0S4 D0S8 D0S16 D16S0 D16S1 D16S4 D16S8 D16S16 D24S0 D24S1 D24S4 D24S8 D24S16 D32S0 D32S1 D32S4 D32S8 D32S16 Packed-D24S8 
15:12:37: FBO PF_FLOAT32_RGBA depth/stencil support: D0S0 D0S1 D0S4 D0S8 D0S16 D16S0 D16S1 D16S4 D16S8 D16S16 D24S0 D24S1 D24S4 D24S8 D24S16 D32S0 D32S1 D32S4 D32S8 D32S16 Packed-D24S8 
15:12:37: FBO PF_X8R8G8B8 depth/stencil support: D0S0 D0S1 D0S4 D0S8 D0S16 D16S0 D16S1 D16S4 D16S8 D16S16 D24S0 D24S1 D24S4 D24S8 D24S16 D32S0 D32S1 D32S4 D32S8 D32S16 Packed-D24S8 
15:12:37: FBO PF_X8B8G8R8 depth/stencil support: D0S0 D0S1 D0S4 D0S8 D0S16 D16S0 D16S1 D16S4 D16S8 D16S16 D24S0 D24S1 D24S4 D24S8 D24S16 D32S0 D32S1 D32S4 D32S8 D32S16 Packed-D24S8 
15:12:37: FBO PF_SHORT_RGBA depth/stencil support: D0S0 D0S1 D0S4 D0S8 D0S16 D16S0 D16S1 D16S4 D16S8 D16S16 D24S0 D24S1 D24S4 D24S8 D24S16 D32S0 D32S1 D32S4 D32S8 D32S16 Packed-D24S8 
15:12:37: FBO PF_R3G3B2 depth/stencil support: D0S0 D0S1 D0S4 D0S8 D0S16 D16S0 D16S1 D16S4 D16S8 D16S16 D24S0 D24S1 D24S4 D24S8 D24S16 D32S0 D32S1 D32S4 D32S8 D32S16 Packed-D24S8 
15:12:37: FBO PF_FLOAT16_R depth/stencil support: D0S0 D0S1 D0S4 D0S8 D0S16 D16S0 D16S1 D16S4 D16S8 D16S16 D24S0 D24S1 D24S4 D24S8 D24S16 D32S0 D32S1 D32S4 D32S8 D32S16 Packed-D24S8 
15:12:37: FBO PF_FLOAT32_R depth/stencil support: D0S0 D0S1 D0S4 D0S8 D0S16 D16S0 D16S1 D16S4 D16S8 D16S16 D24S0 D24S1 D24S4 D24S8 D24S16 D32S0 D32S1 D32S4 D32S8 D32S16 Packed-D24S8 
15:12:37: FBO PF_SHORT_RGB depth/stencil support: D0S0 D0S1 D0S4 D0S8 D0S16 D16S0 D16S1 D16S4 D16S8 D16S16 D24S0 D24S1 D24S4 D24S8 D24S16 D32S0 D32S1 D32S4 D32S8 D32S16 Packed-D24S8 
15:12:37: [GL] : Valid FBO targets PF_UNKNOWN PF_A8 PF_R5G6B5 PF_B5G6R5 PF_A4R4G4B4 PF_A1R5G5B5 PF_R8G8B8 PF_B8G8R8 PF_A8R8G8B8 PF_B8G8R8A8 PF_A2R10G10B10 PF_A2B10G10R10 PF_FLOAT16_RGB PF_FLOAT16_RGBA PF_FLOAT32_RGBA PF_X8R8G8B8 PF_X8B8G8R8 PF_SHORT_RGBA PF_R3G3B2 PF_FLOAT16_R PF_FLOAT32_R PF_SHORT_RGB 
15:12:37: RenderSystem capabilities
15:12:37: -------------------------
15:12:37: RenderSystem Name: OpenGL Rendering Subsystem
15:12:37: GPU Vendor: intel
15:12:37: Device Name: Mesa DRI Intel(R) Sandybridge Desktop 
15:12:37: Driver Version: 3.0.0.0
15:12:37:  * Fixed function pipeline: yes
15:12:37:  * Hardware generation of mipmaps: no
15:12:37:  * Texture blending: yes
15:12:37:  * Anisotropic texture filtering: yes
15:12:37:  * Dot product texture operation: yes
15:12:37:  * Cube mapping: yes
15:12:37:  * Hardware stencil buffer: yes
15:12:37:    - Stencil depth: 8
15:12:37:    - Two sided stencil support: yes
15:12:37:    - Wrap stencil values: yes
15:12:37:  * Hardware vertex / index buffers: yes
15:12:37:  * Vertex programs: yes
15:12:37:  * Number of floating-point constants for vertex programs: 4096
15:12:37:  * Number of integer constants for vertex programs: 0
15:12:37:  * Number of boolean constants for vertex programs: 0
15:12:37:  * Fragment programs: yes
15:12:37:  * Number of floating-point constants for fragment programs: 4096
15:12:37:  * Number of integer constants for fragment programs: 0
15:12:37:  * Number of boolean constants for fragment programs: 0
15:12:37:  * Geometry programs: no
15:12:37:  * Number of floating-point constants for geometry programs: 0
15:12:37:  * Number of integer constants for geometry programs: 0
15:12:37:  * Number of boolean constants for geometry programs: 0
15:12:37:  * Supported Shader Profiles: arbfp1 arbvp1 glsl
15:12:37:  * Texture Compression: yes
15:12:37:    - DXT: yes
15:12:37:    - VTC: no
15:12:37:    - PVRTC: no
15:12:37:  * Scissor Rectangle: yes
15:12:37:  * Hardware Occlusion Query: yes
15:12:37:  * User clip planes: yes
15:12:37:  * VET_UBYTE4 vertex element type: yes
15:12:37:  * Infinite far plane projection: yes
15:12:37:  * Hardware render-to-texture: yes
15:12:37:  * Floating point textures: yes
15:12:37:  * Non-power-of-two textures: yes
15:12:37:  * Volume textures: yes
15:12:37:  * Multiple Render Targets: 8
15:12:37:    - With different bit depths: yes
15:12:37:  * Point Sprites: yes
15:12:37:  * Extended point parameters: yes
15:12:37:  * Max Point Size: 255
15:12:37:  * Vertex texture fetch: yes
15:12:37:  * Number of world matrices: 0
15:12:37:  * Number of texture units: 16
15:12:37:  * Stencil buffer depth: 8
15:12:37:  * Number of vertex blend matrices: 0
15:12:37:    - Max vertex textures: 16
15:12:37:    - Vertex textures shared: yes
15:12:37:  * Render to Vertex Buffer : no
15:12:37:  * GL 1.5 without VBO workaround: no
15:12:37:  * Frame Buffer objects: yes
15:12:37:  * Frame Buffer objects (ARB extension): no
15:12:37:  * Frame Buffer objects (ATI extension): no
15:12:37:  * PBuffer support: yes
15:12:37:  * GL 1.5 without HW-occlusion workaround: no
15:12:37: Registering ResourceManager for type Texture
15:12:37: DefaultWorkQueue('Root') initialising on thread 0x2fea200.
15:12:37: DefaultWorkQueue('Root')::WorkerFunc - thread 0x448de50 starting.
15:12:37: DefaultWorkQueue('Root')::WorkerFunc - thread 0x4489ea0 starting.
15:12:37: DefaultWorkQueue('Root')::WorkerFunc - thread 0x448be60 starting.
15:12:37: DefaultWorkQueue('Root')::WorkerFunc - thread 0x448d8e0 starting.
15:12:37: DefaultWorkQueue('Root')::WorkerFunc - thread 0x448b510 starting.
15:12:37: DefaultWorkQueue('Root')::WorkerFunc - thread 0x448c5a0 starting.
15:12:37: DefaultWorkQueue('Root')::WorkerFunc - thread 0x448ce60 starting.
15:12:37: DefaultWorkQueue('Root')::WorkerFunc - thread 0x449a640 starting.
15:12:37: Particle Renderer Type 'billboard' registered
15:12:37: SceneManagerFactory for type 'BspSceneManager' registered.
15:12:37: Registering ResourceManager for type BspLevel
15:12:37: SceneManagerFactory for type 'OctreeSceneManager' registered.
15:12:37: SceneManagerFactory for type 'TerrainSceneManager' registered.
15:12:37: Parsing scripts for resource group Autodetect
15:12:37: Finished parsing scripts for resource group Autodetect
15:12:37: Parsing scripts for resource group Bootstrap
15:12:37: Parsing script OgreCore.material
15:12:37: Parsing script OgreProfiler.material
15:12:37: Parsing script Ogre.fontdef
15:12:37: Parsing script OgreDebugPanel.overlay
15:12:37: Texture: New_Ogre_Border_Center.png: Loading 1 faces(PF_A8R8G8B8,256x128x1) with 5 generated mipmaps from Image. Internal format is PF_A8R8G8B8,256x128x1.
15:12:37: Texture: New_Ogre_Border.png: Loading 1 faces(PF_A8R8G8B8,256x256x1) with 5 generated mipmaps from Image. Internal format is PF_A8R8G8B8,256x256x1.
15:12:37: Texture: New_Ogre_Border_Break.png: Loading 1 faces(PF_A8R8G8B8,32x32x1) with 5 generated mipmaps from Image. Internal format is PF_A8R8G8B8,32x32x1.
15:12:37: Texture: ogretext.png: Loading 1 faces(PF_A8R8G8B8,256x128x1) with 5 generated mipmaps from Image. Internal format is PF_A8R8G8B8,256x128x1.
15:12:37: Parsing script OgreLoadingPanel.overlay
15:12:37: Finished parsing scripts for resource group Bootstrap
15:12:37: Parsing scripts for resource group General
15:12:37: Parsing script StdQuad_vp.program
15:12:37: Parsing script Examples.program
15:12:37: GLSL compiled : Ogre/BasicVertexPrograms/AmbientOneTextureGLSL
15:12:37: GLSL compiled : Ogre/HardwareSkinningTwoWeightsGLSL
15:12:37: Parsing script carrier.material
15:12:37: Parsing script Examples-Advanced.material
15:12:37: Compiler error: object unsupported by render system in Examples-Advanced.material(381)
15:12:37: Parsing script CGSwizzle.material
15:12:37: Parsing script Halftone.material
15:12:37: Parsing script IsoSurf.material
15:12:37: Parsing script shipInfo.material
15:12:37: Parsing script Examples-DynTex.material
15:12:37: Parsing script ShaderSystem.material
15:12:37: Parsing script OffsetMapping.material
15:12:37: Compiler error: object unsupported by render system in OffsetMapping.material(18)
15:12:37: GLSL compiled : Examples/OffsetMappingIntegratedShadowsFPglsl
15:12:37: GLSL compiled : Examples/OffsetMappingIntegratedShadowsVPglsl
15:12:37: Parsing script RadialBlur.material
15:12:37: Parsing script shadows.material
15:12:37: Parsing script missile.material
15:12:37: Compiler error: unknown error in missile.material(7): token "59.4555039496997," is not recognized
15:12:37: Parsing script Tiling.material
15:12:38: Parsing script SharpenEdges.material
15:12:38: Parsing script wake.material
15:12:38: Parsing script Example-Water.material
15:12:38: Parsing script Laplace.material
15:12:38: Parsing script DOF.material
15:12:38: Parsing script Invert.material
15:12:38: Parsing script smoke.material
15:12:38: Parsing script pssm.material
15:12:38: Parsing script ParticleGS.material
15:12:38: Parsing script Example-DynTex.material
15:12:38: Parsing script sibenik.material
15:12:38: Parsing script Embossed.material
15:12:38: Parsing script ASCII.material
15:12:38: Parsing script Penguin.material
15:12:38: Parsing script alienship.material
15:12:38: Parsing script HeatVision.material
15:12:38: Parsing script Ocean.material
15:12:38: GLSL compiled : GLSL/OceanVS
15:12:38: GLSL compiled : GLSL/OceanFS
15:12:38: GLSL compiled : GLSL/Ocean2VS
15:12:38: GLSL compiled : GLSL/Ocean2FS
15:12:38: Parsing script MotionBlur.material
15:12:38: Parsing script rmenu.material
15:12:38: Parsing script cursor.material
15:12:38: Parsing script hdr.material
15:12:38: GLSL compiled : Ogre/Compositor/HDR/downscale2x2LuminenceGLSL_fp
15:12:38: GLSL compiled : Ogre/Compositor/StdQuad_GLSL_vp
15:12:38: GLSL compiled : Ogre/Compositor/HDR/downscale3x3GLSL_fp
15:12:38: GLSL compiled : Ogre/Compositor/HDR/utils_fp
15:12:38: GLSL compiled : Ogre/Compositor/HDR/downscale3x3brightpassGLSL_fp
15:12:38: GLSL compiled : Ogre/Compositor/HDR/bloomGLSL_fp
15:12:38: GLSL compiled : Ogre/Compositor/HDR/utils_fp
15:12:38: GLSL compiled : Ogre/Compositor/HDR/finaltonemappingGLSL_fp
15:12:38: Parsing script cigarette.material
15:12:38: Parsing script DepthShadowmap.material
15:12:38: GLSL compiled : Ogre/DepthShadowmap/CasterVP_GLSL
15:12:38: GLSL compiled : Ogre/DepthShadowmap/CasterFP_GLSL
15:12:38: GLSL compiled : Ogre/DepthShadowmap/ReceiverVP_GLSL
15:12:38: GLSL compiled : Ogre/DepthShadowmap/ReceiverFP_GLSL
15:12:38: GLSL compiled : Ogre/DepthShadowmap/ReceiverFPPCF_GLSL
15:12:38: GLSL compiled : Ogre/DepthShadowmap/NormalMapReceiverVP_GLSL
15:12:38: GLSL compiled : Ogre/DepthShadowmap/NormalMapReceiverFP_GLSL
15:12:38: GLSL compiled : Ogre/DepthShadowmap/NormalMapReceiverFPPCF_GLSL
15:12:38: Parsing script NightVision.material
15:12:38: Parsing script MRTtest.material
15:12:38: GLSL compiled : Ogre/MRTtest/scenefp/GLSL
15:12:38: GLSL compiled : Ogre/MRTtest/quadfp/GLSL
15:12:38: Parsing script Glass.material
15:12:38: Parsing script f1Overlay.material
15:12:38: Parsing script instancing.material
15:12:38: GLSL compiled : InstancingGLSL
15:12:38: GLSL compiled : InstancingShadowCasterGLSL
15:12:38: GLSL compiled : CrowdGLSL
15:12:38: GLSL compiled : CrowdShadowCasterGLSL
15:12:38: Parsing script sleek.material
15:12:38: Parsing script ui.material
15:12:38: Parsing script Posterize.material
15:12:38: Parsing script Scene.material
15:12:38: Parsing script OgreOcean.material
15:12:38: GLSL compiled : GLSL/OceanVS
15:12:38: GLSL compiled : GLSL/OceanFS
15:12:38: Parsing script OldMovie.material
15:12:38: Parsing script Examples-Water.material
15:12:38: Parsing script Examples.material
15:12:38: OGRE EXCEPTION(2:InvalidParametersException): Parameter called camObjPos does not exist.  in GpuProgramParameters::_findNamedConstantDefinition at /root/development/ogre/OgreMain/src/OgreGpuProgramParams.cpp (line 1433)
15:12:38: Compiler error: invalid parameters in Examples.material(866): setting of constant failed
15:12:38: OGRE EXCEPTION(7:InternalErrorException): Unable to compile Cg program Examples/GrassWaverFp: The compile returned an error.
(0) : error C3001: no program defined
 in CgProgram::loadFromSource at /root/development/ogre/PlugIns/CgProgramManager/src/OgreCgProgramManagerDll.cpp (line 67)
15:12:38: High-level program Examples/GrassWaverFp encountered an error during loading and is thus not supported.
OGRE EXCEPTION(7:InternalErrorException): Unable to compile Cg program Examples/GrassWaverFp: The compile returned an error.
(0) : error C3001: no program defined
 in CgProgram::loadFromSource at /root/development/ogre/PlugIns/CgProgramManager/src/OgreCgProgramManagerDll.cpp (line 67)
15:12:38: GLSL compiled : Ogre/HardwareSkinningTwoWeightsShadowCasterGLSL
15:12:38: Parsing script ASMSwizzle.material
15:12:38: Compiler error: object unsupported by render system in ASMSwizzle.material(1)
15:12:38: Parsing script GLSLSwizzle.material
15:12:38: OGRE EXCEPTION(7:InternalErrorException): Cannot compile GLSL high-level shader : Ogre/GPTest/Swizzle_GP_GLSL invalid valueCannot compile GLSL high-level shader : Ogre/GPTest/Swizzle_GP_GLSL invalid value in GLSLProgram::compile at /root/development/ogre/RenderSystems/GL/src/GLSL/src/OgreGLSLExtSupport.cpp (line 65)
15:12:38: High-level program Ogre/GPTest/Swizzle_GP_GLSL encountered an error during loading and is thus not supported.
OGRE EXCEPTION(7:InternalErrorException): Cannot compile GLSL high-level shader : Ogre/GPTest/Swizzle_GP_GLSL invalid valueCannot compile GLSL high-level shader : Ogre/GPTest/Swizzle_GP_GLSL invalid value in GLSLProgram::compile at /root/development/ogre/RenderSystems/GL/src/GLSL/src/OgreGLSLExtSupport.cpp (line 65)
15:12:38: OGRE EXCEPTION(2:InvalidParametersException): Named constants have not been initialised, perhaps a compile error. in GpuProgramParameters::_findNamedConstantDefinition at /root/development/ogre/OgreMain/src/OgreGpuProgramParams.cpp (line 1423)
15:12:38: Compiler error: invalid parameters in GLSLSwizzle.material(15): setting of constant failed
15:12:38: OGRE EXCEPTION(2:InvalidParametersException): Named constants have not been initialised, perhaps a compile error. in GpuProgramParameters::_findNamedConstantDefinition at /root/development/ogre/OgreMain/src/OgreGpuProgramParams.cpp (line 1423)
15:12:38: Compiler error: invalid parameters in GLSLSwizzle.material(16): setting of constant failed
15:12:38: GLSL compiled : Ogre/GPTest/Passthrough_VP_GLSL
15:12:38: Parsing script ddg51.material
15:12:38: Parsing script button.material
15:12:38: Parsing script CompositorDemo.material
15:12:38: Parsing script OldTV.material
15:12:38: Parsing script Dither.material
15:12:38: Parsing script sailboat.material
15:12:38: Compiler error: unknown error in sailboat.material(87): token "60.0," is not recognized
15:12:38: Parsing script cvn68.material
15:12:38: Parsing script RZR-002.material
15:12:38: Parsing script Hurt.material
15:12:38: Parsing script BlackAndWhite.material
15:12:38: Parsing script boat.material
15:12:38: Parsing script Bloom.material
15:12:38: GLSL compiled : Blur_ps_glsl
15:12:38: GLSL compiled : Blur0_vs_glsl
15:12:38: GLSL compiled : Blur1_vs_glsl
15:12:38: Parsing script Ogre.material
15:12:38: Parsing script Bloom2.material
15:12:38: GLSL compiled : Bloom2_ps20_glsl
15:12:38: Parsing script VarianceShadowmap.material
15:12:38: Parsing script facial.material
15:12:38: Parsing script SmallBoatOverlay2.material
15:12:38: Parsing script cvn68backup.material
15:12:38: Parsing script SmallBoatOverlay.material
15:12:38: Parsing script PythonOgreDebugPanel.material
15:12:38: Parsing script RomanBath.material
15:12:38: Parsing script emitted_emitter.particle
15:12:38: Parsing script Examples.particle
15:12:38: Parsing script smoke.particle
15:12:38: Parsing script Examples-Water.particle
15:12:38: Parsing script Examples.compositor
15:12:38: Parsing script sample.fontdef
15:12:38: Parsing script DP3.overlay
15:12:38: Parsing script Example-DynTex.overlay
15:12:38: Parsing script Shadows.overlay
15:12:38: Parsing script PythonOgreDebugPanel.overlay
15:12:38: Texture: popanel.png: Loading 1 faces(PF_A8R8G8B8,638x90x1) with 5 generated mipmaps from Image. Internal format is PF_A8R8G8B8,638x90x1.
15:12:38: Parsing script Example-CubeMapping.overlay
15:12:38: Parsing script Example-Water.overlay
15:12:38: Finished parsing scripts for resource group General
15:12:38: Parsing scripts for resource group Internal
15:12:38: Finished parsing scripts for resource group Internal
15:12:38: Texture: BeachStones.jpg: Loading 1 faces(PF_R8G8B8,512x512x1) with 5 generated mipmaps from Image. Internal format is PF_X8R8G8B8,512x512x1.
15:12:38: Texture: stevecube_fr.jpg: Loading 1 faces(PF_R8G8B8,512x512x1) with 5 generated mipmaps from Image. Internal format is PF_X8R8G8B8,512x512x1.
15:12:38: Texture: stevecube_bk.jpg: Loading 1 faces(PF_R8G8B8,512x512x1) with 5 generated mipmaps from Image. Internal format is PF_X8R8G8B8,512x512x1.
15:12:38: Texture: stevecube_lf.jpg: Loading 1 faces(PF_R8G8B8,512x512x1) with 5 generated mipmaps from Image. Internal format is PF_X8R8G8B8,512x512x1.
15:12:38: Texture: stevecube_rt.jpg: Loading 1 faces(PF_R8G8B8,512x512x1) with 5 generated mipmaps from Image. Internal format is PF_X8R8G8B8,512x512x1.
15:12:38: Texture: stevecube_up.jpg: Loading 1 faces(PF_R8G8B8,512x512x1) with 5 generated mipmaps from Image. Internal format is PF_X8R8G8B8,512x512x1.
15:12:38: Texture: stevecube_dn.jpg: Loading 1 faces(PF_R8G8B8,512x512x1) with 5 generated mipmaps from Image. Internal format is PF_X8R8G8B8,512x512x1.
15:12:38: Texture: testUI.png: Loading 1 faces(PF_A8R8G8B8,1024x768x1) with 5 generated mipmaps from Image. Internal format is PF_A8R8G8B8,1024x768x1.
15:12:38: Font BlueHighwayusing texture size 512x512
15:12:38: Info: Freetype returned null for character 127 in font BlueHighway
15:12:38: Info: Freetype returned null for character 128 in font BlueHighway
15:12:38: Info: Freetype returned null for character 129 in font BlueHighway
15:12:38: Info: Freetype returned null for character 130 in font BlueHighway
15:12:38: Info: Freetype returned null for character 131 in font BlueHighway
15:12:38: Info: Freetype returned null for character 132 in font BlueHighway
15:12:38: Info: Freetype returned null for character 133 in font BlueHighway
15:12:38: Info: Freetype returned null for character 134 in font BlueHighway
15:12:38: Info: Freetype returned null for character 135 in font BlueHighway
15:12:38: Info: Freetype returned null for character 136 in font BlueHighway
15:12:38: Info: Freetype returned null for character 137 in font BlueHighway
15:12:38: Info: Freetype returned null for character 138 in font BlueHighway
15:12:38: Info: Freetype returned null for character 139 in font BlueHighway
15:12:38: Info: Freetype returned null for character 140 in font BlueHighway
15:12:38: Info: Freetype returned null for character 141 in font BlueHighway
15:12:38: Info: Freetype returned null for character 142 in font BlueHighway
15:12:38: Info: Freetype returned null for character 143 in font BlueHighway
15:12:38: Info: Freetype returned null for character 144 in font BlueHighway
15:12:38: Info: Freetype returned null for character 145 in font BlueHighway
15:12:38: Info: Freetype returned null for character 146 in font BlueHighway
15:12:38: Info: Freetype returned null for character 147 in font BlueHighway
15:12:38: Info: Freetype returned null for character 148 in font BlueHighway
15:12:38: Info: Freetype returned null for character 149 in font BlueHighway
15:12:38: Info: Freetype returned null for character 150 in font BlueHighway
15:12:38: Info: Freetype returned null for character 151 in font BlueHighway
15:12:38: Info: Freetype returned null for character 152 in font BlueHighway
15:12:38: Info: Freetype returned null for character 153 in font BlueHighway
15:12:38: Info: Freetype returned null for character 154 in font BlueHighway
15:12:38: Info: Freetype returned null for character 155 in font BlueHighway
15:12:38: Info: Freetype returned null for character 156 in font BlueHighway
15:12:38: Info: Freetype returned null for character 157 in font BlueHighway
15:12:38: Info: Freetype returned null for character 158 in font BlueHighway
15:12:38: Info: Freetype returned null for character 159 in font BlueHighway
15:12:38: Info: Freetype returned null for character 160 in font BlueHighway
15:12:38: Texture: BlueHighwayTexture: Loading 1 faces(PF_BYTE_LA,512x512x1) with 0 generated mipmaps from Image. Internal format is PF_BYTE_LA,512x512x1.
15:12:38: *-*-* OgreAL Initialization
15:12:38: MovableObjectFactory for type 'OgreAL_Sound' registered.
15:12:38: MovableObjectFactory for type 'OgreAL_Listener' registered.
15:12:38: *-*-* Creating OpenAL
15:12:38: OpenAL Version: 1.1
15:12:38: Available Devices
15:12:38: -----------------
15:12:38:  * PulseAudio Default
15:12:38:  * ALSA Default
15:12:38:  * PortAudio Default
15:12:38:  * No Output
15:12:38: Choosing: PulseAudio Default
15:12:38: Supported Formats
15:12:38: -----------------
15:12:38: EFX Extension Found
15:12:40: Mesh: Loading sphere.mesh.
15:12:40: Texture: mothership.png: Loading 1 faces(PF_A8R8G8B8,600x600x1) with 5 generated mipmaps from Image. Internal format is PF_A8R8G8B8,600x600x1.
15:12:40: Mesh: Loading ogrehead.mesh.
15:12:40: Texture: WeirdEye.png: Loading 1 faces(PF_R8G8B8,256x256x1) with 5 generated mipmaps from Image. Internal format is PF_X8R8G8B8,256x256x1.
15:12:40: Texture: GreenSkin.jpg: Loading 1 faces(PF_R8G8B8,256x256x1) with 5 generated mipmaps from Image. Internal format is PF_X8R8G8B8,256x256x1.
15:12:40: Texture: spheremap.png: Loading 1 faces(PF_R8G8B8,256x256x1) with 5 generated mipmaps from Image. Internal format is PF_X8R8G8B8,256x256x1.
15:12:40: Texture: dirt01.jpg: Loading 1 faces(PF_R8G8B8,96x96x1) with 5 generated mipmaps from Image. Internal format is PF_X8R8G8B8,96x96x1.
15:12:40: Mesh: Loading cube.mesh.
15:12:40: Texture: oneDefender.png: Loading 1 faces(PF_A8R8G8B8,600x600x1) with 5 generated mipmaps from Image. Internal format is PF_A8R8G8B8,600x600x1.
15:12:40: Texture: twoDefender.png: Loading 1 faces(PF_A8R8G8B8,600x600x1) with 5 generated mipmaps from Image. Internal format is PF_A8R8G8B8,600x600x1.
15:12:40: Texture: threeDefender.png: Loading 1 faces(PF_A8R8G8B8,600x600x1) with 5 generated mipmaps from Image. Internal format is PF_A8R8G8B8,600x600x1.
15:12:40: Texture: fourDefender.png: Loading 1 faces(PF_A8R8G8B8,600x600x1) with 5 generated mipmaps from Image. Internal format is PF_A8R8G8B8,600x600x1.
15:12:50: Mesh: Loading robot.mesh.
15:12:50: Skeleton: Loading robot.skeleton
15:12:50: Texture: r2skin.jpg: Loading 1 faces(PF_R8G8B8,512x512x1) with 5 generated mipmaps from Image. Internal format is PF_X8R8G8B8,512x512x1.
